[23-01-23 15:02:53] [PicqBotX] [INFO] 
[23-01-23 15:02:53] [PicqBotX] [INFO]     ____  _            ____        __ _  __
[23-01-23 15:02:53] [PicqBotX] [INFO]    / __ \(_)________ _/ __ )____  / /| |/ /
[23-01-23 15:02:53] [PicqBotX] [INFO]   / /_/ / / ___/ __ `/ __  / __ \/ __/   /
[23-01-23 15:02:53] [PicqBotX] [INFO]  / ____/ / /__/ /_/ / /_/ / /_/ / /_/   |
[23-01-23 15:02:53] [PicqBotX] [INFO] /_/   /_/\___/\__, /_____/\____/\__/_/|_|
[23-01-23 15:02:53] [PicqBotX] [INFO]                 /_/         v4.15.0.1072
[23-01-23 15:02:53] [PicqBotX] [INFO] 日志管理器     初始化完成 [******] ...(7.35 ms)
[23-01-23 15:02:53] [PicqBotX] [INFO] 缓存管理器     初始化完成 [******] ...(0.8 ms)
[23-01-23 15:02:53] [PicqBotX] [INFO] DEBUG设置      初始化完成 [******] ...(0.01 ms)
[23-01-23 15:02:53] [PicqBotX] [INFO] 事件管理器     初始化完成 [******] ...(7.85 ms)
[23-01-23 15:02:53] [PicqBotX] [INFO] 账号管理器     初始化完成 [******] ...(0.52 ms)
[23-01-23 15:02:53] [PicqBotX] [INFO] HTTP监听服务器 初始化完成 [******] ...(0.39 ms)
[23-01-23 15:02:53] [PicqBotX] [INFO] 指令管理器     初始化完成 [******] ...(0.67 ms)
[23-01-23 15:02:53] [PicqBotX] [INFO] 账号 Bot01:   版本验证完成!
[23-01-23 15:02:53] [PicqBotX] [INFO] 正在启动...
[23-01-23 15:03:17] [PicqBotX] [DEBUG(java.lang.Thread.run:855)] 收到新请求: CQHttp/4.15.0
[23-01-23 15:03:17] [PicqBotX] [DEBUG(java.lang.Thread.run:855)] - 数据: {"ClassType":"GroupMessage","self_id":2417971099,"sub_type":"normal","message_id":1067179269,"group_id":474936346,"user_id":271811917,"anonymous":null,"message":"囧","raw_message":"囧","font":0,"sender":{"user_id":271811917,"nickname":"Sariel虫宝宝","card":"Sariel虫宝宝","sex":"unknown","age":0,"area":"unknown","level":"unknown","role":"member","title":"unknown"},"time":1674457488,"post_type":"message","message_type":"group"}
[23-01-23 15:03:33] [PicqBotX] [DEBUG(java.lang.Thread.run:855)] 收到新请求: CQHttp/4.15.0
[23-01-23 15:03:33] [PicqBotX] [DEBUG(java.lang.Thread.run:855)] - 数据: {"self_id":2417971099,"time":1674457504,"status":{"app_initialized":true,"app_enabled":true,"plugins_good":{"asyncActions":true,"backwardCompatibility":true,"defaultConfigGenerator":true,"eventDataPatcher":true,"eventFilter":true,"experimentalActions":true,"extensionLoader":true,"heartbeatGenerator":true,"http":true,"iniConfigLoader":true,"jsonConfigLoader":true,"loggers":true,"messageEnhancer":true,"postMessageFormatter":true,"rateLimitedActions":true,"restarter":true,"updater":true,"websocket":true,"websocketReverse":true,"workerPoolResizer":true},"app_good":true,"online":true,"good":true},"interval":40000,"post_type":"meta_event","meta_event_type":"heartbeat"}
[23-01-23 15:03:57] [PicqBotX] [DEBUG(java.lang.Thread.run:855)] 收到新请求: CQHttp/4.15.0
[23-01-23 15:03:57] [PicqBotX] [DEBUG(java.lang.Thread.run:855)] - 数据: {"ClassType":"GroupMessage","self_id":2417971099,"sub_type":"normal","message_id":-472279070,"group_id":860034825,"user_id":271811917,"anonymous":null,"message":"先去提取吧，然后山寨","raw_message":"先去提取吧，然后山寨","font":0,"sender":{"user_id":271811917,"nickname":"Sariel虫宝宝","card":"Sariel虫宝宝","sex":"unknown","age":0,"area":"unknown","level":"unknown","role":"owner","title":"unknown"},"time":1674457528,"post_type":"message","message_type":"group"}
[23-01-23 15:04:02] [PicqBotX] [DEBUG(java.lang.Thread.run:855)] 收到新请求: CQHttp/4.15.0
[23-01-23 15:04:02] [PicqBotX] [DEBUG(java.lang.Thread.run:855)] - 数据: {"ClassType":"GroupMessage","self_id":2417971099,"sub_type":"normal","message_id":-1193394576,"group_id":860034825,"user_id":271811917,"anonymous":null,"message":"不要只山寨一个出来","raw_message":"不要只山寨一个出来","font":0,"sender":{"user_id":271811917,"nickname":"Sariel虫宝宝","card":"Sariel虫宝宝","sex":"unknown","age":0,"area":"unknown","level":"unknown","role":"owner","title":"unknown"},"time":1674457533,"post_type":"message","message_type":"group"}
[23-01-23 15:04:04] [PicqBotX] [DEBUG(java.lang.Thread.run:855)] 收到新请求: CQHttp/4.15.0
[23-01-23 15:04:04] [PicqBotX] [DEBUG(java.lang.Thread.run:855)] - 数据: {"ClassType":"GroupMessage","self_id":2417971099,"sub_type":"normal","message_id":315315939,"group_id":860034825,"user_id":271811917,"anonymous":null,"message":"多山寨几个","raw_message":"多山寨几个","font":0,"sender":{"user_id":271811917,"nickname":"Sariel虫宝宝","card":"Sariel虫宝宝","sex":"unknown","age":0,"area":"unknown","level":"unknown","role":"owner","title":"unknown"},"time":1674457535,"post_type":"message","message_type":"group"}
