[23-01-23 15:04:14] [PicqBotX] [INFO] 
[23-01-23 15:04:14] [PicqBotX] [INFO]     ____  _            ____        __ _  __
[23-01-23 15:04:14] [PicqBotX] [INFO]    / __ \(_)________ _/ __ )____  / /| |/ /
[23-01-23 15:04:14] [PicqBotX] [INFO]   / /_/ / / ___/ __ `/ __  / __ \/ __/   /
[23-01-23 15:04:14] [PicqBotX] [INFO]  / ____/ / /__/ /_/ / /_/ / /_/ / /_/   |
[23-01-23 15:04:14] [PicqBotX] [INFO] /_/   /_/\___/\__, /_____/\____/\__/_/|_|
[23-01-23 15:04:14] [PicqBotX] [INFO]                 /_/         v4.15.0.1072
[23-01-23 15:04:14] [PicqBotX] [INFO] 日志管理器     初始化完成 [******] ...(7.47 ms)
[23-01-23 15:04:14] [PicqBotX] [INFO] 缓存管理器     初始化完成 [******] ...(0.64 ms)
[23-01-23 15:04:14] [PicqBotX] [INFO] DEBUG设置      初始化完成 [******] ...(0.0 ms)
[23-01-23 15:04:14] [PicqBotX] [INFO] 事件管理器     初始化完成 [******] ...(7.57 ms)
[23-01-23 15:04:14] [PicqBotX] [INFO] 账号管理器     初始化完成 [******] ...(0.67 ms)
[23-01-23 15:04:14] [PicqBotX] [INFO] HTTP监听服务器 初始化完成 [******] ...(0.43 ms)
[23-01-23 15:04:14] [PicqBotX] [INFO] 指令管理器     初始化完成 [******] ...(0.67 ms)
[23-01-23 15:04:14] [PicqBotX] [INFO] 账号 Bot01:   版本验证完成!
[23-01-23 15:04:14] [PicqBotX] [INFO] 正在启动...
[23-01-23 15:04:14] [PicqBotX] [DEBUG(java.lang.Thread.run:855)] 收到新请求: CQHttp/4.15.0
[23-01-23 15:04:14] [PicqBotX] [DEBUG(java.lang.Thread.run:855)] - 数据: {"self_id":2417971099,"time":1674457544,"status":{"app_initialized":true,"app_enabled":true,"plugins_good":{"asyncActions":true,"backwardCompatibility":true,"defaultConfigGenerator":true,"eventDataPatcher":true,"eventFilter":true,"experimentalActions":true,"extensionLoader":true,"heartbeatGenerator":true,"http":true,"iniConfigLoader":true,"jsonConfigLoader":true,"loggers":true,"messageEnhancer":true,"postMessageFormatter":true,"rateLimitedActions":true,"restarter":true,"updater":true,"websocket":true,"websocketReverse":true,"workerPoolResizer":true},"app_good":true,"online":true,"good":true},"interval":40000,"post_type":"meta_event","meta_event_type":"heartbeat"}
[23-01-23 15:04:32] [PicqBotX] [DEBUG(java.lang.Thread.run:855)] 收到新请求: CQHttp/4.15.0
[23-01-23 15:04:32] [PicqBotX] [DEBUG(java.lang.Thread.run:855)] - 数据: {"ClassType":"GroupMessage","self_id":2417971099,"sub_type":"normal","message_id":-771840875,"group_id":860034825,"user_id":271811917,"anonymous":null,"message":"你要是觉得绝大部分幻想类型都是通用的不好接受，你就先按照苏宁这个大范畴里山寨","raw_message":"你要是觉得绝大部分幻想类型都是通用的不好接受，你就先按照苏宁这个大范畴里山寨","font":0,"sender":{"user_id":271811917,"nickname":"Sariel虫宝宝","card":"Sariel虫宝宝","sex":"unknown","age":0,"area":"unknown","level":"unknown","role":"owner","title":"unknown"},"time":1674457563,"post_type":"message","message_type":"group"}
