[23-01-23 10:08:07] [PicqBotX] [INFO] 
[23-01-23 10:08:07] [PicqBotX] [INFO]     ____  _            ____        __ _  __
[23-01-23 10:08:07] [PicqBotX] [INFO]    / __ \(_)________ _/ __ )____  / /| |/ /
[23-01-23 10:08:07] [PicqBotX] [INFO]   / /_/ / / ___/ __ `/ __  / __ \/ __/   /
[23-01-23 10:08:07] [PicqBotX] [INFO]  / ____/ / /__/ /_/ / /_/ / /_/ / /_/   |
[23-01-23 10:08:07] [PicqBotX] [INFO] /_/   /_/\___/\__, /_____/\____/\__/_/|_|
[23-01-23 10:08:07] [PicqBotX] [INFO]                 /_/         v4.15.0.1072
[23-01-23 10:08:07] [PicqBotX] [INFO] 日志管理器     初始化完成 [******] ...(15.41 ms)
[23-01-23 10:08:07] [PicqBotX] [INFO] 缓存管理器     初始化完成 [******] ...(0.7 ms)
[23-01-23 10:08:07] [PicqBotX] [INFO] DEBUG设置      初始化完成 [******] ...(0.0 ms)
[23-01-23 10:08:07] [PicqBotX] [INFO] 事件管理器     初始化完成 [******] ...(12.31 ms)
[23-01-23 10:08:07] [PicqBotX] [INFO] 账号管理器     初始化完成 [******] ...(0.56 ms)
[23-01-23 10:08:07] [PicqBotX] [INFO] HTTP监听服务器 初始化完成 [******] ...(0.33 ms)
[23-01-23 10:08:07] [PicqBotX] [INFO] 指令管理器     初始化完成 [******] ...(0.58 ms)
[23-01-23 10:08:08] [PicqBotX] [INFO] 账号 Bot01:   版本验证完成!
[23-01-23 10:08:08] [PicqBotX] [INFO] 正在启动...
[23-01-23 10:08:28] [PicqBotX] [DEBUG(java.lang.Thread.run:855)] 收到新请求: CQHttp/4.15.0
[23-01-23 10:08:28] [PicqBotX] [DEBUG(java.lang.Thread.run:855)] - 数据: {"self_id":2417971099,"time":1674439800,"status":{"app_initialized":true,"app_enabled":true,"plugins_good":{"asyncActions":true,"backwardCompatibility":true,"defaultConfigGenerator":true,"eventDataPatcher":true,"eventFilter":true,"experimentalActions":true,"extensionLoader":true,"heartbeatGenerator":true,"http":true,"iniConfigLoader":true,"jsonConfigLoader":true,"loggers":true,"messageEnhancer":true,"postMessageFormatter":true,"rateLimitedActions":true,"restarter":true,"updater":true,"websocket":true,"websocketReverse":true,"workerPoolResizer":true},"app_good":true,"online":true,"good":true},"interval":40000,"post_type":"meta_event","meta_event_type":"heartbeat"}
[23-01-23 10:09:08] [PicqBotX] [DEBUG(java.lang.Thread.run:855)] 收到新请求: CQHttp/4.15.0
[23-01-23 10:09:08] [PicqBotX] [DEBUG(java.lang.Thread.run:855)] - 数据: {"self_id":2417971099,"time":1674439840,"status":{"app_initialized":true,"app_enabled":true,"plugins_good":{"asyncActions":true,"backwardCompatibility":true,"defaultConfigGenerator":true,"eventDataPatcher":true,"eventFilter":true,"experimentalActions":true,"extensionLoader":true,"heartbeatGenerator":true,"http":true,"iniConfigLoader":true,"jsonConfigLoader":true,"loggers":true,"messageEnhancer":true,"postMessageFormatter":true,"rateLimitedActions":true,"restarter":true,"updater":true,"websocket":true,"websocketReverse":true,"workerPoolResizer":true},"app_good":true,"online":true,"good":true},"interval":40000,"post_type":"meta_event","meta_event_type":"heartbeat"}
[23-01-23 10:09:49] [PicqBotX] [DEBUG(java.lang.Thread.run:855)] 收到新请求: CQHttp/4.15.0
[23-01-23 10:09:49] [PicqBotX] [DEBUG(java.lang.Thread.run:855)] - 数据: {"self_id":2417971099,"time":1674439880,"status":{"app_initialized":true,"app_enabled":true,"plugins_good":{"asyncActions":true,"backwardCompatibility":true,"defaultConfigGenerator":true,"eventDataPatcher":true,"eventFilter":true,"experimentalActions":true,"extensionLoader":true,"heartbeatGenerator":true,"http":true,"iniConfigLoader":true,"jsonConfigLoader":true,"loggers":true,"messageEnhancer":true,"postMessageFormatter":true,"rateLimitedActions":true,"restarter":true,"updater":true,"websocket":true,"websocketReverse":true,"workerPoolResizer":true},"app_good":true,"online":true,"good":true},"interval":40000,"post_type":"meta_event","meta_event_type":"heartbeat"}
[23-01-23 10:10:29] [PicqBotX] [DEBUG(java.lang.Thread.run:855)] 收到新请求: CQHttp/4.15.0
[23-01-23 10:10:29] [PicqBotX] [DEBUG(java.lang.Thread.run:855)] - 数据: {"self_id":2417971099,"time":1674439920,"status":{"app_initialized":true,"app_enabled":true,"plugins_good":{"asyncActions":true,"backwardCompatibility":true,"defaultConfigGenerator":true,"eventDataPatcher":true,"eventFilter":true,"experimentalActions":true,"extensionLoader":true,"heartbeatGenerator":true,"http":true,"iniConfigLoader":true,"jsonConfigLoader":true,"loggers":true,"messageEnhancer":true,"postMessageFormatter":true,"rateLimitedActions":true,"restarter":true,"updater":true,"websocket":true,"websocketReverse":true,"workerPoolResizer":true},"app_good":true,"online":true,"good":true},"interval":40000,"post_type":"meta_event","meta_event_type":"heartbeat"}
[23-01-23 10:11:09] [PicqBotX] [DEBUG(java.lang.Thread.run:855)] 收到新请求: CQHttp/4.15.0
[23-01-23 10:11:09] [PicqBotX] [DEBUG(java.lang.Thread.run:855)] - 数据: {"self_id":2417971099,"time":1674439960,"status":{"app_initialized":true,"app_enabled":true,"plugins_good":{"asyncActions":true,"backwardCompatibility":true,"defaultConfigGenerator":true,"eventDataPatcher":true,"eventFilter":true,"experimentalActions":true,"extensionLoader":true,"heartbeatGenerator":true,"http":true,"iniConfigLoader":true,"jsonConfigLoader":true,"loggers":true,"messageEnhancer":true,"postMessageFormatter":true,"rateLimitedActions":true,"restarter":true,"updater":true,"websocket":true,"websocketReverse":true,"workerPoolResizer":true},"app_good":true,"online":true,"good":true},"interval":40000,"post_type":"meta_event","meta_event_type":"heartbeat"}
[23-01-23 10:11:49] [PicqBotX] [DEBUG(java.lang.Thread.run:855)] 收到新请求: CQHttp/4.15.0
[23-01-23 10:11:49] [PicqBotX] [DEBUG(java.lang.Thread.run:855)] - 数据: {"self_id":2417971099,"time":1674440000,"status":{"app_initialized":true,"app_enabled":true,"plugins_good":{"asyncActions":true,"backwardCompatibility":true,"defaultConfigGenerator":true,"eventDataPatcher":true,"eventFilter":true,"experimentalActions":true,"extensionLoader":true,"heartbeatGenerator":true,"http":true,"iniConfigLoader":true,"jsonConfigLoader":true,"loggers":true,"messageEnhancer":true,"postMessageFormatter":true,"rateLimitedActions":true,"restarter":true,"updater":true,"websocket":true,"websocketReverse":true,"workerPoolResizer":true},"app_good":true,"online":true,"good":true},"interval":40000,"post_type":"meta_event","meta_event_type":"heartbeat"}
[23-01-23 10:12:29] [PicqBotX] [DEBUG(java.lang.Thread.run:855)] 收到新请求: CQHttp/4.15.0
[23-01-23 10:12:29] [PicqBotX] [DEBUG(java.lang.Thread.run:855)] - 数据: {"self_id":2417971099,"time":1674440040,"status":{"app_initialized":true,"app_enabled":true,"plugins_good":{"asyncActions":true,"backwardCompatibility":true,"defaultConfigGenerator":true,"eventDataPatcher":true,"eventFilter":true,"experimentalActions":true,"extensionLoader":true,"heartbeatGenerator":true,"http":true,"iniConfigLoader":true,"jsonConfigLoader":true,"loggers":true,"messageEnhancer":true,"postMessageFormatter":true,"rateLimitedActions":true,"restarter":true,"updater":true,"websocket":true,"websocketReverse":true,"workerPoolResizer":true},"app_good":true,"online":true,"good":true},"interval":40000,"post_type":"meta_event","meta_event_type":"heartbeat"}
[23-01-23 10:13:09] [PicqBotX] [DEBUG(java.lang.Thread.run:855)] 收到新请求: CQHttp/4.15.0
[23-01-23 10:13:09] [PicqBotX] [DEBUG(java.lang.Thread.run:855)] - 数据: {"self_id":2417971099,"time":1674440081,"status":{"app_initialized":true,"app_enabled":true,"plugins_good":{"asyncActions":true,"backwardCompatibility":true,"defaultConfigGenerator":true,"eventDataPatcher":true,"eventFilter":true,"experimentalActions":true,"extensionLoader":true,"heartbeatGenerator":true,"http":true,"iniConfigLoader":true,"jsonConfigLoader":true,"loggers":true,"messageEnhancer":true,"postMessageFormatter":true,"rateLimitedActions":true,"restarter":true,"updater":true,"websocket":true,"websocketReverse":true,"workerPoolResizer":true},"app_good":true,"online":true,"good":true},"interval":40000,"post_type":"meta_event","meta_event_type":"heartbeat"}
[23-01-23 10:13:49] [PicqBotX] [DEBUG(java.lang.Thread.run:855)] 收到新请求: CQHttp/4.15.0
[23-01-23 10:13:49] [PicqBotX] [DEBUG(java.lang.Thread.run:855)] - 数据: {"self_id":2417971099,"time":1674440121,"status":{"app_initialized":true,"app_enabled":true,"plugins_good":{"asyncActions":true,"backwardCompatibility":true,"defaultConfigGenerator":true,"eventDataPatcher":true,"eventFilter":true,"experimentalActions":true,"extensionLoader":true,"heartbeatGenerator":true,"http":true,"iniConfigLoader":true,"jsonConfigLoader":true,"loggers":true,"messageEnhancer":true,"postMessageFormatter":true,"rateLimitedActions":true,"restarter":true,"updater":true,"websocket":true,"websocketReverse":true,"workerPoolResizer":true},"app_good":true,"online":true,"good":true},"interval":40000,"post_type":"meta_event","meta_event_type":"heartbeat"}
[23-01-23 10:14:29] [PicqBotX] [DEBUG(java.lang.Thread.run:855)] 收到新请求: CQHttp/4.15.0
[23-01-23 10:14:29] [PicqBotX] [DEBUG(java.lang.Thread.run:855)] - 数据: {"self_id":2417971099,"time":1674440161,"status":{"app_initialized":true,"app_enabled":true,"plugins_good":{"asyncActions":true,"backwardCompatibility":true,"defaultConfigGenerator":true,"eventDataPatcher":true,"eventFilter":true,"experimentalActions":true,"extensionLoader":true,"heartbeatGenerator":true,"http":true,"iniConfigLoader":true,"jsonConfigLoader":true,"loggers":true,"messageEnhancer":true,"postMessageFormatter":true,"rateLimitedActions":true,"restarter":true,"updater":true,"websocket":true,"websocketReverse":true,"workerPoolResizer":true},"app_good":true,"online":true,"good":true},"interval":40000,"post_type":"meta_event","meta_event_type":"heartbeat"}
[23-01-23 10:15:10] [PicqBotX] [DEBUG(java.lang.Thread.run:855)] 收到新请求: CQHttp/4.15.0
[23-01-23 10:15:10] [PicqBotX] [DEBUG(java.lang.Thread.run:855)] - 数据: {"self_id":2417971099,"time":1674440201,"status":{"app_initialized":true,"app_enabled":true,"plugins_good":{"asyncActions":true,"backwardCompatibility":true,"defaultConfigGenerator":true,"eventDataPatcher":true,"eventFilter":true,"experimentalActions":true,"extensionLoader":true,"heartbeatGenerator":true,"http":true,"iniConfigLoader":true,"jsonConfigLoader":true,"loggers":true,"messageEnhancer":true,"postMessageFormatter":true,"rateLimitedActions":true,"restarter":true,"updater":true,"websocket":true,"websocketReverse":true,"workerPoolResizer":true},"app_good":true,"online":true,"good":true},"interval":40000,"post_type":"meta_event","meta_event_type":"heartbeat"}
