[23-01-23 14:00:21] [PicqBotX] [INFO] 
[23-01-23 14:00:21] [PicqBotX] [INFO]     ____  _            ____        __ _  __
[23-01-23 14:00:21] [PicqBotX] [INFO]    / __ \(_)________ _/ __ )____  / /| |/ /
[23-01-23 14:00:21] [PicqBotX] [INFO]   / /_/ / / ___/ __ `/ __  / __ \/ __/   /
[23-01-23 14:00:21] [PicqBotX] [INFO]  / ____/ / /__/ /_/ / /_/ / /_/ / /_/   |
[23-01-23 14:00:21] [PicqBotX] [INFO] /_/   /_/\___/\__, /_____/\____/\__/_/|_|
[23-01-23 14:00:21] [PicqBotX] [INFO]                 /_/         v4.15.0.1072
[23-01-23 14:00:21] [PicqBotX] [INFO] 日志管理器     初始化完成 [******] ...(8.02 ms)
[23-01-23 14:00:21] [PicqBotX] [INFO] 缓存管理器     初始化完成 [******] ...(0.71 ms)
[23-01-23 14:00:21] [PicqBotX] [INFO] DEBUG设置      初始化完成 [******] ...(0.0 ms)
[23-01-23 14:00:21] [PicqBotX] [INFO] 事件管理器     初始化完成 [******] ...(7.15 ms)
[23-01-23 14:00:21] [PicqBotX] [INFO] 账号管理器     初始化完成 [******] ...(0.59 ms)
[23-01-23 14:00:21] [PicqBotX] [INFO] HTTP监听服务器 初始化完成 [******] ...(0.38 ms)
[23-01-23 14:00:22] [PicqBotX] [INFO] 指令管理器     初始化完成 [******] ...(0.76 ms)
[23-01-23 14:00:22] [PicqBotX] [INFO] 账号 Bot01:   版本验证完成!
[23-01-23 14:00:22] [PicqBotX] [INFO] 正在启动...
[23-01-23 14:00:32] [PicqBotX] [DEBUG(java.lang.Thread.run:855)] 收到新请求: CQHttp/4.15.0
[23-01-23 14:00:37] [PicqBotX] [DEBUG(java.lang.Thread.run:855)] - 数据: {"self_id":2417971099,"time":1674453719,"status":{"app_initialized":true,"app_enabled":true,"plugins_good":{"asyncActions":true,"backwardCompatibility":true,"defaultConfigGenerator":true,"eventDataPatcher":true,"eventFilter":true,"experimentalActions":true,"extensionLoader":true,"heartbeatGenerator":true,"http":true,"iniConfigLoader":true,"jsonConfigLoader":true,"loggers":true,"messageEnhancer":true,"postMessageFormatter":true,"rateLimitedActions":true,"restarter":true,"updater":true,"websocket":true,"websocketReverse":true,"workerPoolResizer":true},"app_good":true,"online":true,"good":true},"interval":40000,"post_type":"meta_event","meta_event_type":"heartbeat"}
[23-01-23 14:00:51] [PicqBotX] [DEBUG(java.lang.Thread.run:855)] 收到新请求: CQHttp/4.15.0
[23-01-23 14:00:51] [PicqBotX] [DEBUG(java.lang.Thread.run:855)] - 数据: {"ClassType":"GroupMessage","self_id":2417971099,"sub_type":"normal","message_id":-473658233,"group_id":860034825,"user_id":3549035781,"anonymous":null,"message":"好家伙","raw_message":"好家伙","font":0,"sender":{"user_id":3549035781,"nickname":"玄冥","card":"玄冥","sex":"unknown","age":0,"area":"unknown","level":"unknown","role":"member","title":"unknown"},"time":1674453721,"post_type":"message","message_type":"group"}
[23-01-23 14:00:51] [PicqBotX] [DEBUG(java.lang.Thread.run:855)] 收到新请求: CQHttp/4.15.0
[23-01-23 14:00:51] [PicqBotX] [DEBUG(java.lang.Thread.run:855)] - 数据: {"ClassType":"GroupMessage","self_id":2417971099,"sub_type":"normal","message_id":-1762098089,"group_id":860034825,"user_id":617927140,"anonymous":null,"message":"像这个设定里面万灵对虚无自然的沉思","raw_message":"像这个设定里面万灵对虚无自然的沉思","font":0,"sender":{"user_id":617927140,"nickname":"小狼","card":"小狼","sex":"unknown","age":0,"area":"unknown","level":"unknown","role":"member","title":"unknown"},"time":1674453727,"post_type":"message","message_type":"group"}
[23-01-23 14:00:58] [PicqBotX] [DEBUG(java.lang.Thread.run:855)] 收到新请求: CQHttp/4.15.0
[23-01-23 14:00:58] [PicqBotX] [DEBUG(java.lang.Thread.run:855)] - 数据: {"ClassType":"GroupMessage","self_id":2417971099,"sub_type":"normal","message_id":1107571488,"group_id":860034825,"user_id":617927140,"anonymous":null,"message":"就是来自新柏拉图主义里面理智对心智的沉思","raw_message":"就是来自新柏拉图主义里面理智对心智的沉思","font":0,"sender":{"user_id":617927140,"nickname":"小狼","card":"小狼","sex":"unknown","age":0,"area":"unknown","level":"unknown","role":"member","title":"unknown"},"time":1674453749,"post_type":"message","message_type":"group"}
[23-01-23 14:01:18] [PicqBotX] [DEBUG(java.lang.Thread.run:855)] 收到新请求: CQHttp/4.15.0
[23-01-23 14:01:18] [PicqBotX] [DEBUG(java.lang.Thread.run:855)] - 数据: {"self_id":2417971099,"time":1674453769,"status":{"app_initialized":true,"app_enabled":true,"plugins_good":{"asyncActions":true,"backwardCompatibility":true,"defaultConfigGenerator":true,"eventDataPatcher":true,"eventFilter":true,"experimentalActions":true,"extensionLoader":true,"heartbeatGenerator":true,"http":true,"iniConfigLoader":true,"jsonConfigLoader":true,"loggers":true,"messageEnhancer":true,"postMessageFormatter":true,"rateLimitedActions":true,"restarter":true,"updater":true,"websocket":true,"websocketReverse":true,"workerPoolResizer":true},"app_good":true,"online":true,"good":true},"interval":40000,"post_type":"meta_event","meta_event_type":"heartbeat"}
