[23-01-23 08:45:02] [PicqBotX] [INFO] 
[23-01-23 08:45:02] [PicqBotX] [INFO]     ____  _            ____        __ _  __
[23-01-23 08:45:02] [PicqBotX] [INFO]    / __ \(_)________ _/ __ )____  / /| |/ /
[23-01-23 08:45:02] [PicqBotX] [INFO]   / /_/ / / ___/ __ `/ __  / __ \/ __/   /
[23-01-23 08:45:02] [PicqBotX] [INFO]  / ____/ / /__/ /_/ / /_/ / /_/ / /_/   |
[23-01-23 08:45:02] [PicqBotX] [INFO] /_/   /_/\___/\__, /_____/\____/\__/_/|_|
[23-01-23 08:45:02] [PicqBotX] [INFO]                 /_/         v4.15.0.1072
[23-01-23 08:45:02] [PicqBotX] [INFO] 日志管理器     初始化完成 [******] ...(12.77 ms)
[23-01-23 08:45:02] [PicqBotX] [INFO] 缓存管理器     初始化完成 [******] ...(1.02 ms)
[23-01-23 08:45:02] [PicqBotX] [INFO] DEBUG设置      初始化完成 [******] ...(0.01 ms)
[23-01-23 08:45:02] [PicqBotX] [INFO] 事件管理器     初始化完成 [******] ...(13.13 ms)
[23-01-23 08:45:02] [PicqBotX] [INFO] 账号管理器     初始化完成 [******] ...(1.09 ms)
[23-01-23 08:45:02] [PicqBotX] [INFO] HTTP监听服务器 初始化完成 [******] ...(0.68 ms)
[23-01-23 08:45:02] [PicqBotX] [INFO] 指令管理器     初始化完成 [******] ...(0.7 ms)
[23-01-23 08:45:02] [PicqBotX] [INFO] 账号 Bot01:   版本验证完成!
[23-01-23 08:45:02] [PicqBotX] [INFO] 正在启动...
[23-01-23 08:48:33] [PicqBotX] [DEBUG(java.lang.Thread.run:829)] 收到新请求: CQHttp/4.15.0
[23-01-23 08:48:33] [PicqBotX] [DEBUG(java.lang.Thread.run:829)] - 数据: {"self_id":2417971099,"sub_type":"enable","time":1674435004,"post_type":"meta_event","meta_event_type":"lifecycle"}
[23-01-23 08:48:34] [PicqBotX] [DEBUG(java.lang.Thread.run:829)] 收到新请求: CQHttp/4.15.0
[23-01-23 08:48:34] [PicqBotX] [DEBUG(java.lang.Thread.run:829)] - 数据: {"self_id":2417971099,"time":1674435005,"status":{"app_initialized":true,"app_enabled":true,"plugins_good":{"asyncActions":true,"backwardCompatibility":true,"defaultConfigGenerator":true,"eventDataPatcher":true,"eventFilter":true,"experimentalActions":true,"extensionLoader":true,"heartbeatGenerator":true,"http":true,"iniConfigLoader":true,"jsonConfigLoader":true,"loggers":true,"messageEnhancer":true,"postMessageFormatter":true,"rateLimitedActions":true,"restarter":true,"updater":true,"websocket":true,"websocketReverse":true,"workerPoolResizer":true},"app_good":true,"online":true,"good":true},"interval":1500,"post_type":"meta_event","meta_event_type":"heartbeat"}
[23-01-23 08:48:35] [PicqBotX] [DEBUG(java.lang.Thread.run:829)] 收到新请求: CQHttp/4.15.0
[23-01-23 08:48:35] [PicqBotX] [DEBUG(java.lang.Thread.run:829)] - 数据: {"self_id":2417971099,"time":1674435007,"status":{"app_initialized":true,"app_enabled":true,"plugins_good":{"asyncActions":true,"backwardCompatibility":true,"defaultConfigGenerator":true,"eventDataPatcher":true,"eventFilter":true,"experimentalActions":true,"extensionLoader":true,"heartbeatGenerator":true,"http":true,"iniConfigLoader":true,"jsonConfigLoader":true,"loggers":true,"messageEnhancer":true,"postMessageFormatter":true,"rateLimitedActions":true,"restarter":true,"updater":true,"websocket":true,"websocketReverse":true,"workerPoolResizer":true},"app_good":true,"online":true,"good":true},"interval":1500,"post_type":"meta_event","meta_event_type":"heartbeat"}
[23-01-23 08:48:37] [PicqBotX] [DEBUG(java.lang.Thread.run:829)] 收到新请求: CQHttp/4.15.0
[23-01-23 08:48:37] [PicqBotX] [DEBUG(java.lang.Thread.run:829)] - 数据: {"self_id":2417971099,"time":1674435008,"status":{"app_initialized":true,"app_enabled":true,"plugins_good":{"asyncActions":true,"backwardCompatibility":true,"defaultConfigGenerator":true,"eventDataPatcher":true,"eventFilter":true,"experimentalActions":true,"extensionLoader":true,"heartbeatGenerator":true,"http":true,"iniConfigLoader":true,"jsonConfigLoader":true,"loggers":true,"messageEnhancer":true,"postMessageFormatter":true,"rateLimitedActions":true,"restarter":true,"updater":true,"websocket":true,"websocketReverse":true,"workerPoolResizer":true},"app_good":true,"online":true,"good":true},"interval":1500,"post_type":"meta_event","meta_event_type":"heartbeat"}
[23-01-23 08:48:39] [PicqBotX] [DEBUG(java.lang.Thread.run:829)] 收到新请求: CQHttp/4.15.0
[23-01-23 08:48:39] [PicqBotX] [DEBUG(java.lang.Thread.run:829)] - 数据: {"self_id":2417971099,"time":1674435010,"status":{"app_initialized":true,"app_enabled":true,"plugins_good":{"asyncActions":true,"backwardCompatibility":true,"defaultConfigGenerator":true,"eventDataPatcher":true,"eventFilter":true,"experimentalActions":true,"extensionLoader":true,"heartbeatGenerator":true,"http":true,"iniConfigLoader":true,"jsonConfigLoader":true,"loggers":true,"messageEnhancer":true,"postMessageFormatter":true,"rateLimitedActions":true,"restarter":true,"updater":true,"websocket":true,"websocketReverse":true,"workerPoolResizer":true},"app_good":true,"online":true,"good":true},"interval":1500,"post_type":"meta_event","meta_event_type":"heartbeat"}
[23-01-23 08:48:40] [PicqBotX] [DEBUG(java.lang.Thread.run:829)] 收到新请求: CQHttp/4.15.0
[23-01-23 08:48:40] [PicqBotX] [DEBUG(java.lang.Thread.run:829)] - 数据: {"self_id":2417971099,"time":1674435012,"status":{"app_initialized":true,"app_enabled":true,"plugins_good":{"asyncActions":true,"backwardCompatibility":true,"defaultConfigGenerator":true,"eventDataPatcher":true,"eventFilter":true,"experimentalActions":true,"extensionLoader":true,"heartbeatGenerator":true,"http":true,"iniConfigLoader":true,"jsonConfigLoader":true,"loggers":true,"messageEnhancer":true,"postMessageFormatter":true,"rateLimitedActions":true,"restarter":true,"updater":true,"websocket":true,"websocketReverse":true,"workerPoolResizer":true},"app_good":true,"online":true,"good":true},"interval":1500,"post_type":"meta_event","meta_event_type":"heartbeat"}
[23-01-23 08:48:42] [PicqBotX] [DEBUG(java.lang.Thread.run:829)] 收到新请求: CQHttp/4.15.0
[23-01-23 08:48:42] [PicqBotX] [DEBUG(java.lang.Thread.run:829)] - 数据: {"self_id":2417971099,"time":1674435013,"status":{"app_initialized":true,"app_enabled":true,"plugins_good":{"asyncActions":true,"backwardCompatibility":true,"defaultConfigGenerator":true,"eventDataPatcher":true,"eventFilter":true,"experimentalActions":true,"extensionLoader":true,"heartbeatGenerator":true,"http":true,"iniConfigLoader":true,"jsonConfigLoader":true,"loggers":true,"messageEnhancer":true,"postMessageFormatter":true,"rateLimitedActions":true,"restarter":true,"updater":true,"websocket":true,"websocketReverse":true,"workerPoolResizer":true},"app_good":true,"online":true,"good":true},"interval":1500,"post_type":"meta_event","meta_event_type":"heartbeat"}
[23-01-23 08:48:43] [PicqBotX] [DEBUG(java.lang.Thread.run:829)] 收到新请求: CQHttp/4.15.0
[23-01-23 08:48:43] [PicqBotX] [DEBUG(java.lang.Thread.run:829)] - 数据: {"self_id":2417971099,"time":1674435015,"status":{"app_initialized":true,"app_enabled":true,"plugins_good":{"asyncActions":true,"backwardCompatibility":true,"defaultConfigGenerator":true,"eventDataPatcher":true,"eventFilter":true,"experimentalActions":true,"extensionLoader":true,"heartbeatGenerator":true,"http":true,"iniConfigLoader":true,"jsonConfigLoader":true,"loggers":true,"messageEnhancer":true,"postMessageFormatter":true,"rateLimitedActions":true,"restarter":true,"updater":true,"websocket":true,"websocketReverse":true,"workerPoolResizer":true},"app_good":true,"online":true,"good":true},"interval":1500,"post_type":"meta_event","meta_event_type":"heartbeat"}
[23-01-23 08:48:45] [PicqBotX] [DEBUG(java.lang.Thread.run:829)] 收到新请求: CQHttp/4.15.0
[23-01-23 08:48:45] [PicqBotX] [DEBUG(java.lang.Thread.run:829)] - 数据: {"self_id":2417971099,"time":1674435016,"status":{"app_initialized":true,"app_enabled":true,"plugins_good":{"asyncActions":true,"backwardCompatibility":true,"defaultConfigGenerator":true,"eventDataPatcher":true,"eventFilter":true,"experimentalActions":true,"extensionLoader":true,"heartbeatGenerator":true,"http":true,"iniConfigLoader":true,"jsonConfigLoader":true,"loggers":true,"messageEnhancer":true,"postMessageFormatter":true,"rateLimitedActions":true,"restarter":true,"updater":true,"websocket":true,"websocketReverse":true,"workerPoolResizer":true},"app_good":true,"online":true,"good":true},"interval":1500,"post_type":"meta_event","meta_event_type":"heartbeat"}
[23-01-23 08:48:47] [PicqBotX] [DEBUG(java.lang.Thread.run:829)] 收到新请求: CQHttp/4.15.0
[23-01-23 08:48:47] [PicqBotX] [DEBUG(java.lang.Thread.run:829)] - 数据: {"self_id":2417971099,"time":1674435018,"status":{"app_initialized":true,"app_enabled":true,"plugins_good":{"asyncActions":true,"backwardCompatibility":true,"defaultConfigGenerator":true,"eventDataPatcher":true,"eventFilter":true,"experimentalActions":true,"extensionLoader":true,"heartbeatGenerator":true,"http":true,"iniConfigLoader":true,"jsonConfigLoader":true,"loggers":true,"messageEnhancer":true,"postMessageFormatter":true,"rateLimitedActions":true,"restarter":true,"updater":true,"websocket":true,"websocketReverse":true,"workerPoolResizer":true},"app_good":true,"online":true,"good":true},"interval":1500,"post_type":"meta_event","meta_event_type":"heartbeat"}
[23-01-23 08:48:48] [PicqBotX] [DEBUG(java.lang.Thread.run:829)] 收到新请求: CQHttp/4.15.0
[23-01-23 08:48:48] [PicqBotX] [DEBUG(java.lang.Thread.run:829)] - 数据: {"self_id":2417971099,"time":1674435020,"status":{"app_initialized":true,"app_enabled":true,"plugins_good":{"asyncActions":true,"backwardCompatibility":true,"defaultConfigGenerator":true,"eventDataPatcher":true,"eventFilter":true,"experimentalActions":true,"extensionLoader":true,"heartbeatGenerator":true,"http":true,"iniConfigLoader":true,"jsonConfigLoader":true,"loggers":true,"messageEnhancer":true,"postMessageFormatter":true,"rateLimitedActions":true,"restarter":true,"updater":true,"websocket":true,"websocketReverse":true,"workerPoolResizer":true},"app_good":true,"online":true,"good":true},"interval":1500,"post_type":"meta_event","meta_event_type":"heartbeat"}
[23-01-23 08:48:50] [PicqBotX] [DEBUG(java.lang.Thread.run:829)] 收到新请求: CQHttp/4.15.0
[23-01-23 08:48:50] [PicqBotX] [DEBUG(java.lang.Thread.run:829)] - 数据: {"self_id":2417971099,"time":1674435021,"status":{"app_initialized":true,"app_enabled":true,"plugins_good":{"asyncActions":true,"backwardCompatibility":true,"defaultConfigGenerator":true,"eventDataPatcher":true,"eventFilter":true,"experimentalActions":true,"extensionLoader":true,"heartbeatGenerator":true,"http":true,"iniConfigLoader":true,"jsonConfigLoader":true,"loggers":true,"messageEnhancer":true,"postMessageFormatter":true,"rateLimitedActions":true,"restarter":true,"updater":true,"websocket":true,"websocketReverse":true,"workerPoolResizer":true},"app_good":true,"online":true,"good":true},"interval":1500,"post_type":"meta_event","meta_event_type":"heartbeat"}
[23-01-23 08:48:51] [PicqBotX] [DEBUG(java.lang.Thread.run:829)] 收到新请求: CQHttp/4.15.0
[23-01-23 08:48:51] [PicqBotX] [DEBUG(java.lang.Thread.run:829)] - 数据: {"self_id":2417971099,"time":1674435023,"status":{"app_initialized":true,"app_enabled":true,"plugins_good":{"asyncActions":true,"backwardCompatibility":true,"defaultConfigGenerator":true,"eventDataPatcher":true,"eventFilter":true,"experimentalActions":true,"extensionLoader":true,"heartbeatGenerator":true,"http":true,"iniConfigLoader":true,"jsonConfigLoader":true,"loggers":true,"messageEnhancer":true,"postMessageFormatter":true,"rateLimitedActions":true,"restarter":true,"updater":true,"websocket":true,"websocketReverse":true,"workerPoolResizer":true},"app_good":true,"online":true,"good":true},"interval":1500,"post_type":"meta_event","meta_event_type":"heartbeat"}
[23-01-23 08:48:53] [PicqBotX] [DEBUG(java.lang.Thread.run:829)] 收到新请求: CQHttp/4.15.0
[23-01-23 08:48:53] [PicqBotX] [DEBUG(java.lang.Thread.run:829)] - 数据: {"self_id":2417971099,"time":1674435024,"status":{"app_initialized":true,"app_enabled":true,"plugins_good":{"asyncActions":true,"backwardCompatibility":true,"defaultConfigGenerator":true,"eventDataPatcher":true,"eventFilter":true,"experimentalActions":true,"extensionLoader":true,"heartbeatGenerator":true,"http":true,"iniConfigLoader":true,"jsonConfigLoader":true,"loggers":true,"messageEnhancer":true,"postMessageFormatter":true,"rateLimitedActions":true,"restarter":true,"updater":true,"websocket":true,"websocketReverse":true,"workerPoolResizer":true},"app_good":true,"online":true,"good":true},"interval":1500,"post_type":"meta_event","meta_event_type":"heartbeat"}
[23-01-23 08:48:54] [PicqBotX] [DEBUG(java.lang.Thread.run:829)] 收到新请求: CQHttp/4.15.0
[23-01-23 08:48:54] [PicqBotX] [DEBUG(java.lang.Thread.run:829)] - 数据: {"self_id":2417971099,"time":1674435026,"status":{"app_initialized":true,"app_enabled":true,"plugins_good":{"asyncActions":true,"backwardCompatibility":true,"defaultConfigGenerator":true,"eventDataPatcher":true,"eventFilter":true,"experimentalActions":true,"extensionLoader":true,"heartbeatGenerator":true,"http":true,"iniConfigLoader":true,"jsonConfigLoader":true,"loggers":true,"messageEnhancer":true,"postMessageFormatter":true,"rateLimitedActions":true,"restarter":true,"updater":true,"websocket":true,"websocketReverse":true,"workerPoolResizer":true},"app_good":true,"online":true,"good":true},"interval":1500,"post_type":"meta_event","meta_event_type":"heartbeat"}
