[23-01-22 23:07:53] [PicqBotX] [INFO] 
[23-01-22 23:07:53] [PicqBotX] [INFO]     ____  _            ____        __ _  __
[23-01-22 23:07:53] [PicqBotX] [INFO]    / __ \(_)________ _/ __ )____  / /| |/ /
[23-01-22 23:07:53] [PicqBotX] [INFO]   / /_/ / / ___/ __ `/ __  / __ \/ __/   /
[23-01-22 23:07:53] [PicqBotX] [INFO]  / ____/ / /__/ /_/ / /_/ / /_/ / /_/   |
[23-01-22 23:07:53] [PicqBotX] [INFO] /_/   /_/\___/\__, /_____/\____/\__/_/|_|
[23-01-22 23:07:53] [PicqBotX] [INFO]                 /_/         v4.15.0.1072
[23-01-22 23:07:53] [PicqBotX] [INFO] 日志管理器     初始化完成 [******] ...(12.93 ms)
[23-01-22 23:07:53] [PicqBotX] [INFO] 缓存管理器     初始化完成 [******] ...(0.91 ms)
[23-01-22 23:07:53] [PicqBotX] [INFO] DEBUG设置      初始化完成 [******] ...(0.0 ms)
[23-01-22 23:07:53] [PicqBotX] [INFO] 事件管理器     初始化完成 [******] ...(10.32 ms)
[23-01-22 23:07:53] [PicqBotX] [INFO] 账号管理器     初始化完成 [******] ...(0.67 ms)
[23-01-22 23:07:53] [PicqBotX] [INFO] HTTP监听服务器 初始化完成 [******] ...(0.37 ms)
[23-01-22 23:07:55] [PicqBotX] [INFO] 指令管理器     初始化完成 [******] ...(0.67 ms)
[23-01-22 23:07:55] [PicqBotX] [INFO] 账号 Bot01:   版本验证完成!
[23-01-22 23:07:55] [PicqBotX] [INFO] 正在启动...
[23-01-22 23:07:57] [PicqBotX] [DEBUG(java.lang.Thread.run:829)] 收到新请求: CQHttp/4.15.0
[23-01-22 23:07:57] [PicqBotX] [DEBUG(java.lang.Thread.run:829)] - 数据: {"ClassType":"GroupMessage","self_id":2417971099,"sub_type":"normal","message_id":-780041317,"group_id":860034825,"user_id":1489898749,"anonymous":null,"message":"纳米机器人的精度验算起来不会太难得","raw_message":"纳米机器人的精度验算起来不会太难得","font":0,"sender":{"user_id":1489898749,"nickname":"妮露","card":"妮露","sex":"unknown","age":0,"area":"unknown","level":"unknown","role":"admin","title":"unknown"},"time":1674400167,"post_type":"message","message_type":"group"}
[23-01-22 23:08:13] [PicqBotX] [DEBUG(java.lang.Thread.run:829)] 收到新请求: CQHttp/4.15.0
[23-01-22 23:08:13] [PicqBotX] [DEBUG(java.lang.Thread.run:829)] - 数据: {"ClassType":"GroupMessage","self_id":2417971099,"sub_type":"normal","message_id":-1998221859,"group_id":860034825,"user_id":1489898749,"anonymous":null,"message":"而且我这不是还有智子吗","raw_message":"而且我这不是还有智子吗","font":0,"sender":{"user_id":1489898749,"nickname":"妮露","card":"妮露","sex":"unknown","age":0,"area":"unknown","level":"unknown","role":"admin","title":"unknown"},"time":1674400184,"post_type":"message","message_type":"group"}
[23-01-22 23:08:52] [PicqBotX] [DEBUG(java.lang.Thread.run:829)] 收到新请求: CQHttp/4.15.0
[23-01-22 23:08:52] [PicqBotX] [DEBUG(java.lang.Thread.run:829)] - 数据: {"ClassType":"GroupMessage","self_id":2417971099,"sub_type":"normal","message_id":162793165,"group_id":860034825,"user_id":271811917,"anonymous":null,"message":"你这不叫验算吧","raw_message":"你这不叫验算吧","font":0,"sender":{"user_id":271811917,"nickname":"Sariel虫宝宝","card":"Sariel虫宝宝","sex":"unknown","age":0,"area":"unknown","level":"unknown","role":"owner","title":"unknown"},"time":1674400222,"post_type":"message","message_type":"group"}
[23-01-22 23:09:00] [PicqBotX] [DEBUG(java.lang.Thread.run:829)] 收到新请求: CQHttp/4.15.0
[23-01-22 23:09:00] [PicqBotX] [DEBUG(java.lang.Thread.run:829)] - 数据: {"ClassType":"GroupMessage","self_id":2417971099,"sub_type":"normal","message_id":1192953201,"group_id":860034825,"user_id":271811917,"anonymous":null,"message":"你这连大纲都没给","raw_message":"你这连大纲都没给","font":0,"sender":{"user_id":271811917,"nickname":"Sariel虫宝宝","card":"Sariel虫宝宝","sex":"unknown","age":0,"area":"unknown","level":"unknown","role":"owner","title":"unknown"},"time":1674400230,"post_type":"message","message_type":"group"}
[23-01-22 23:09:07] [PicqBotX] [DEBUG(java.lang.Thread.run:829)] 收到新请求: CQHttp/4.15.0
[23-01-22 23:09:07] [PicqBotX] [DEBUG(java.lang.Thread.run:829)] - 数据: {"ClassType":"GroupMessage","self_id":2417971099,"sub_type":"normal","message_id":2052629914,"group_id":860034825,"user_id":271811917,"anonymous":null,"message":"就给了个题目和第一段","raw_message":"就给了个题目和第一段","font":0,"sender":{"user_id":271811917,"nickname":"Sariel虫宝宝","card":"Sariel虫宝宝","sex":"unknown","age":0,"area":"unknown","level":"unknown","role":"owner","title":"unknown"},"time":1674400237,"post_type":"message","message_type":"group"}
[23-01-22 23:09:18] [PicqBotX] [DEBUG(java.lang.Thread.run:829)] 收到新请求: CQHttp/4.15.0
[23-01-22 23:09:18] [PicqBotX] [DEBUG(java.lang.Thread.run:829)] - 数据: {"ClassType":"GroupMessage","self_id":2417971099,"sub_type":"normal","message_id":1899407004,"group_id":860034825,"user_id":271811917,"anonymous":null,"message":"你这分明是指望他们推理吧","raw_message":"你这分明是指望他们推理吧","font":0,"sender":{"user_id":271811917,"nickname":"Sariel虫宝宝","card":"Sariel虫宝宝","sex":"unknown","age":0,"area":"unknown","level":"unknown","role":"owner","title":"unknown"},"time":1674400248,"post_type":"message","message_type":"group"}
[23-01-22 23:09:25] [PicqBotX] [DEBUG(java.lang.Thread.run:829)] 收到新请求: CQHttp/4.15.0
[23-01-22 23:09:25] [PicqBotX] [DEBUG(java.lang.Thread.run:829)] - 数据: {"ClassType":"GroupMessage","self_id":2417971099,"sub_type":"normal","message_id":2087649199,"group_id":860034825,"user_id":271811917,"anonymous":null,"message":"而且推理百分之九十九","raw_message":"而且推理百分之九十九","font":0,"sender":{"user_id":271811917,"nickname":"Sariel虫宝宝","card":"Sariel虫宝宝","sex":"unknown","age":0,"area":"unknown","level":"unknown","role":"owner","title":"unknown"},"time":1674400256,"post_type":"message","message_type":"group"}
[23-01-22 23:09:40] [PicqBotX] [DEBUG(java.lang.Thread.run:829)] 收到新请求: CQHttp/4.15.0
[23-01-22 23:09:40] [PicqBotX] [DEBUG(java.lang.Thread.run:829)] - 数据: {"ClassType":"GroupMessage","self_id":2417971099,"sub_type":"normal","message_id":224781759,"group_id":860034825,"user_id":1489898749,"anonymous":null,"message":"物理规律这些是实打实的啊","raw_message":"物理规律这些是实打实的啊","font":0,"sender":{"user_id":1489898749,"nickname":"妮露","card":"妮露","sex":"unknown","age":0,"area":"unknown","level":"unknown","role":"admin","title":"unknown"},"time":1674400270,"post_type":"message","message_type":"group"}
[23-01-22 23:10:19] [PicqBotX] [DEBUG(java.lang.Thread.run:829)] 收到新请求: CQHttp/4.15.0
[23-01-22 23:10:19] [PicqBotX] [DEBUG(java.lang.Thread.run:829)] - 数据: {"ClassType":"GroupMessage","self_id":2417971099,"sub_type":"normal","message_id":25664727,"group_id":860034825,"user_id":271811917,"anonymous":null,"message":"实打实你知道的也不多吧","raw_message":"实打实你知道的也不多吧","font":0,"sender":{"user_id":271811917,"nickname":"Sariel虫宝宝","card":"Sariel虫宝宝","sex":"unknown","age":0,"area":"unknown","level":"unknown","role":"owner","title":"unknown"},"time":1674400309,"post_type":"message","message_type":"group"}
[23-01-22 23:10:24] [PicqBotX] [DEBUG(java.lang.Thread.run:829)] 收到新请求: CQHttp/4.15.0
[23-01-22 23:10:24] [PicqBotX] [DEBUG(java.lang.Thread.run:829)] - 数据: {"ClassType":"GroupMessage","self_id":2417971099,"sub_type":"normal","message_id":1948100863,"group_id":860034825,"user_id":271811917,"anonymous":null,"message":"你连骨架都给不了","raw_message":"你连骨架都给不了","font":0,"sender":{"user_id":271811917,"nickname":"Sariel虫宝宝","card":"Sariel虫宝宝","sex":"unknown","age":0,"area":"unknown","level":"unknown","role":"owner","title":"unknown"},"time":1674400314,"post_type":"message","message_type":"group"}
[23-01-22 23:10:35] [PicqBotX] [DEBUG(java.lang.Thread.run:829)] 收到新请求: CQHttp/4.15.0
[23-01-22 23:10:35] [PicqBotX] [DEBUG(java.lang.Thread.run:829)] - 数据: {"ClassType":"GroupMessage","self_id":2417971099,"sub_type":"normal","message_id":912254492,"group_id":860034825,"user_id":271811917,"anonymous":null,"message":"撑死了给个脊椎吧","raw_message":"撑死了给个脊椎吧","font":0,"sender":{"user_id":271811917,"nickname":"Sariel虫宝宝","card":"Sariel虫宝宝","sex":"unknown","age":0,"area":"unknown","level":"unknown","role":"owner","title":"unknown"},"time":1674400325,"post_type":"message","message_type":"group"}
[23-01-22 23:10:39] [PicqBotX] [DEBUG(java.lang.Thread.run:829)] 收到新请求: CQHttp/4.15.0
[23-01-22 23:10:39] [PicqBotX] [DEBUG(java.lang.Thread.run:829)] - 数据: {"ClassType":"GroupMessage","self_id":2417971099,"sub_type":"normal","message_id":980550529,"group_id":860034825,"user_id":271811917,"anonymous":null,"message":"还是上半截","raw_message":"还是上半截","font":0,"sender":{"user_id":271811917,"nickname":"Sariel虫宝宝","card":"Sariel虫宝宝","sex":"unknown","age":0,"area":"unknown","level":"unknown","role":"owner","title":"unknown"},"time":1674400330,"post_type":"message","message_type":"group"}
[23-01-22 23:11:46] [PicqBotX] [DEBUG(java.lang.Thread.run:829)] 收到新请求: CQHttp/4.15.0
[23-01-22 23:11:46] [PicqBotX] [DEBUG(java.lang.Thread.run:829)] - 数据: {"ClassType":"GroupMessage","self_id":2417971099,"sub_type":"normal","message_id":-1033503215,"group_id":860034825,"user_id":1489898749,"anonymous":null,"message":"←_←","raw_message":"←_←","font":0,"sender":{"user_id":1489898749,"nickname":"妮露","card":"妮露","sex":"unknown","age":0,"area":"unknown","level":"unknown","role":"admin","title":"unknown"},"time":1674400396,"post_type":"message","message_type":"group"}
[23-01-22 23:12:31] [PicqBotX] [DEBUG(java.lang.Thread.run:829)] 收到新请求: CQHttp/4.15.0
[23-01-22 23:12:31] [PicqBotX] [DEBUG(java.lang.Thread.run:829)] - 数据: {"ClassType":"GroupMessage","self_id":2417971099,"sub_type":"normal","message_id":786086121,"group_id":860034825,"user_id":1489898749,"anonymous":null,"message":"那。我再给你去复制一段制冷技术的百科？","raw_message":"那。我再给你去复制一段制冷技术的百科？","font":0,"sender":{"user_id":1489898749,"nickname":"妮露","card":"妮露","sex":"unknown","age":0,"area":"unknown","level":"unknown","role":"admin","title":"unknown"},"time":1674400441,"post_type":"message","message_type":"group"}
[23-01-22 23:13:45] [PicqBotX] [DEBUG(java.lang.Thread.run:829)] 收到新请求: CQHttp/4.15.0
[23-01-22 23:13:45] [PicqBotX] [DEBUG(java.lang.Thread.run:829)] - 数据: {"ClassType":"GroupMessage","self_id":2417971099,"sub_type":"normal","message_id":-1432478525,"group_id":860034825,"user_id":271811917,"anonymous":null,"message":"你特么一月初就穿越了","raw_message":"你特么一月初就穿越了","font":0,"sender":{"user_id":271811917,"nickname":"Sariel虫宝宝","card":"Sariel虫宝宝","sex":"unknown","age":0,"area":"unknown","level":"unknown","role":"owner","title":"unknown"},"time":1674400515,"post_type":"message","message_type":"group"}
[23-01-22 23:13:55] [PicqBotX] [DEBUG(java.lang.Thread.run:829)] 收到新请求: CQHttp/4.15.0
[23-01-22 23:13:55] [PicqBotX] [DEBUG(java.lang.Thread.run:829)] - 数据: {"ClassType":"GroupMessage","self_id":2417971099,"sub_type":"normal","message_id":1196501542,"group_id":860034825,"user_id":1489898749,"anonymous":null,"message":"相比起人需要各种观测，验算，推测，实验，设备造起来动不动就是好多年来说。\n纳米机器人的尺度和精度这些还原起来确实不难","raw_message":"相比起人需要各种观测，验算，推测，实验，设备造起来动不动就是好多年来说。\n纳米机器人的尺度和精度这些还原起来确实不难","font":0,"sender":{"user_id":1489898749,"nickname":"妮露","card":"妮露","sex":"unknown","age":0,"area":"unknown","level":"unknown","role":"admin","title":"unknown"},"time":1674400525,"post_type":"message","message_type":"group"}
[23-01-22 23:13:55] [PicqBotX] [DEBUG(java.lang.Thread.run:829)] 收到新请求: CQHttp/4.15.0
[23-01-22 23:13:55] [PicqBotX] [DEBUG(java.lang.Thread.run:829)] - 数据: {"ClassType":"GroupMessage","self_id":2417971099,"sub_type":"normal","message_id":-970568255,"group_id":860034825,"user_id":271811917,"anonymous":null,"message":"22号看的副本不知道","raw_message":"22号看的副本不知道","font":0,"sender":{"user_id":271811917,"nickname":"Sariel虫宝宝","card":"Sariel虫宝宝","sex":"unknown","age":0,"area":"unknown","level":"unknown","role":"owner","title":"unknown"},"time":1674400526,"post_type":"message","message_type":"group"}
[23-01-22 23:14:15] [PicqBotX] [DEBUG(java.lang.Thread.run:829)] 收到新请求: CQHttp/4.15.0
[23-01-22 23:14:15] [PicqBotX] [DEBUG(java.lang.Thread.run:829)] - 数据: {"ClassType":"GroupMessage","self_id":2417971099,"sub_type":"normal","message_id":1079453950,"group_id":860034825,"user_id":271811917,"anonymous":null,"message":"我也觉得还原不难","raw_message":"我也觉得还原不难","font":0,"sender":{"user_id":271811917,"nickname":"Sariel虫宝宝","card":"Sariel虫宝宝","sex":"unknown","age":0,"area":"unknown","level":"unknown","role":"owner","title":"unknown"},"time":1674400545,"post_type":"message","message_type":"group"}
[23-01-22 23:14:31] [PicqBotX] [DEBUG(java.lang.Thread.run:829)] 收到新请求: CQHttp/4.15.0
[23-01-22 23:14:31] [PicqBotX] [DEBUG(java.lang.Thread.run:829)] - 数据: {"ClassType":"GroupMessage","self_id":2417971099,"sub_type":"normal","message_id":-1573969293,"group_id":860034825,"user_id":271811917,"anonymous":null,"message":"问题是这种水平的技术对你来说不是还原了吧","raw_message":"问题是这种水平的技术对你来说不是还原了吧","font":0,"sender":{"user_id":271811917,"nickname":"Sariel虫宝宝","card":"Sariel虫宝宝","sex":"unknown","age":0,"area":"unknown","level":"unknown","role":"owner","title":"unknown"},"time":1674400561,"post_type":"message","message_type":"group"}
[23-01-22 23:14:38] [PicqBotX] [DEBUG(java.lang.Thread.run:829)] 收到新请求: CQHttp/4.15.0
[23-01-22 23:14:38] [PicqBotX] [DEBUG(java.lang.Thread.run:829)] - 数据: {"ClassType":"GroupMessage","self_id":2417971099,"sub_type":"normal","message_id":2104845599,"group_id":860034825,"user_id":271811917,"anonymous":null,"message":"干脆就只是听说过","raw_message":"干脆就只是听说过","font":0,"sender":{"user_id":271811917,"nickname":"Sariel虫宝宝","card":"Sariel虫宝宝","sex":"unknown","age":0,"area":"unknown","level":"unknown","role":"owner","title":"unknown"},"time":1674400568,"post_type":"message","message_type":"group"}
[23-01-22 23:15:00] [PicqBotX] [DEBUG(java.lang.Thread.run:829)] 收到新请求: CQHttp/4.15.0
[23-01-22 23:15:00] [PicqBotX] [DEBUG(java.lang.Thread.run:829)] - 数据: {"ClassType":"GroupMessage","self_id":2417971099,"sub_type":"normal","message_id":752597361,"group_id":860034825,"user_id":1489898749,"anonymous":null,"message":"也不只是听说吧","raw_message":"也不只是听说吧","font":0,"sender":{"user_id":1489898749,"nickname":"妮露","card":"妮露","sex":"unknown","age":0,"area":"unknown","level":"unknown","role":"admin","title":"unknown"},"time":1674400591,"post_type":"message","message_type":"group"}
[23-01-22 23:15:16] [PicqBotX] [DEBUG(java.lang.Thread.run:829)] 收到新请求: CQHttp/4.15.0
[23-01-22 23:15:16] [PicqBotX] [DEBUG(java.lang.Thread.run:829)] - 数据: {"ClassType":"GroupMessage","self_id":2417971099,"sub_type":"normal","message_id":917735455,"group_id":860034825,"user_id":1489898749,"anonymous":null,"message":"制冷技术原理这些都不是什么秘密","raw_message":"制冷技术原理这些都不是什么秘密","font":0,"sender":{"user_id":1489898749,"nickname":"妮露","card":"妮露","sex":"unknown","age":0,"area":"unknown","level":"unknown","role":"admin","title":"unknown"},"time":1674400606,"post_type":"message","message_type":"group"}
[23-01-22 23:15:28] [PicqBotX] [DEBUG(java.lang.Thread.run:829)] 收到新请求: CQHttp/4.15.0
