[23-01-23 12:09:22] [PicqBotX] [INFO] 
[23-01-23 12:09:22] [PicqBotX] [INFO]     ____  _            ____        __ _  __
[23-01-23 12:09:22] [PicqBotX] [INFO]    / __ \(_)________ _/ __ )____  / /| |/ /
[23-01-23 12:09:22] [PicqBotX] [INFO]   / /_/ / / ___/ __ `/ __  / __ \/ __/   /
[23-01-23 12:09:22] [PicqBotX] [INFO]  / ____/ / /__/ /_/ / /_/ / /_/ / /_/   |
[23-01-23 12:09:22] [PicqBotX] [INFO] /_/   /_/\___/\__, /_____/\____/\__/_/|_|
[23-01-23 12:09:22] [PicqBotX] [INFO]                 /_/         v4.15.0.1072
[23-01-23 12:09:22] [PicqBotX] [INFO] 日志管理器     初始化完成 [******] ...(6.96 ms)
[23-01-23 12:09:22] [PicqBotX] [INFO] 缓存管理器     初始化完成 [******] ...(0.54 ms)
[23-01-23 12:09:22] [PicqBotX] [INFO] DEBUG设置      初始化完成 [******] ...(0.0 ms)
[23-01-23 12:09:22] [PicqBotX] [INFO] 事件管理器     初始化完成 [******] ...(5.83 ms)
[23-01-23 12:09:22] [PicqBotX] [INFO] 账号管理器     初始化完成 [******] ...(0.45 ms)
[23-01-23 12:09:22] [PicqBotX] [INFO] HTTP监听服务器 初始化完成 [******] ...(0.32 ms)
[23-01-23 12:09:22] [PicqBotX] [INFO] 指令管理器     初始化完成 [******] ...(0.56 ms)
[23-01-23 12:09:22] [PicqBotX] [INFO] 账号 Bot01:   版本验证完成!
[23-01-23 12:09:22] [PicqBotX] [INFO] 正在启动...
[23-01-23 12:09:33] [PicqBotX] [DEBUG(java.lang.Thread.run:855)] 收到新请求: CQHttp/4.15.0
[23-01-23 12:09:33] [PicqBotX] [DEBUG(java.lang.Thread.run:855)] - 数据: {"ClassType":"GroupMessage","self_id":2417971099,"sub_type":"normal","message_id":550433296,"group_id":860034825,"user_id":1196975574,"anonymous":null,"message":"骰娘是基于机器人框架的","raw_message":"骰娘是基于机器人框架的","font":0,"sender":{"user_id":1196975574,"nickname":"那特派恩","card":"那特派恩","sex":"unknown","age":0,"area":"unknown","level":"unknown","role":"member","title":"unknown"},"time":1674447064,"post_type":"message","message_type":"group"}
[23-01-23 12:09:37] [PicqBotX] [DEBUG(java.lang.Thread.run:855)] 收到新请求: CQHttp/4.15.0
[23-01-23 12:09:37] [PicqBotX] [DEBUG(java.lang.Thread.run:855)] - 数据: {"ClassType":"GroupMessage","self_id":2417971099,"sub_type":"normal","message_id":-672919733,"group_id":860034825,"user_id":1196975574,"anonymous":null,"message":"我也是基于机器人框架的","raw_message":"我也是基于机器人框架的","font":0,"sender":{"user_id":1196975574,"nickname":"那特派恩","card":"那特派恩","sex":"unknown","age":0,"area":"unknown","level":"unknown","role":"member","title":"unknown"},"time":1674447068,"post_type":"message","message_type":"group"}
[23-01-23 12:09:43] [PicqBotX] [DEBUG(java.lang.Thread.run:855)] 收到新请求: CQHttp/4.15.0
[23-01-23 12:09:43] [PicqBotX] [DEBUG(java.lang.Thread.run:855)] - 数据: {"ClassType":"GroupMessage","self_id":2417971099,"sub_type":"normal","message_id":1525160316,"group_id":860034825,"user_id":1196975574,"anonymous":null,"message":"然后这俩框架相互没有通信","raw_message":"然后这俩框架相互没有通信","font":0,"sender":{"user_id":1196975574,"nickname":"那特派恩","card":"那特派恩","sex":"unknown","age":0,"area":"unknown","level":"unknown","role":"member","title":"unknown"},"time":1674447075,"post_type":"message","message_type":"group"}
[23-01-23 12:09:51] [PicqBotX] [DEBUG(java.lang.Thread.run:855)] 收到新请求: CQHttp/4.15.0
[23-01-23 12:09:51] [PicqBotX] [DEBUG(java.lang.Thread.run:855)] - 数据: {"ClassType":"GroupMessage","self_id":2417971099,"sub_type":"normal","message_id":-1409477851,"group_id":860034825,"user_id":1196975574,"anonymous":null,"message":"!记录 测试","raw_message":"!记录 测试","font":0,"sender":{"user_id":1196975574,"nickname":"那特派恩","card":"那特派恩","sex":"unknown","age":0,"area":"unknown","level":"unknown","role":"member","title":"unknown"},"time":1674447082,"post_type":"message","message_type":"group"}
[23-01-23 12:09:54] [PicqBotX] [DEBUG(java.lang.Thread.run:855)] 收到新请求: CQHttp/4.15.0
[23-01-23 12:09:54] [PicqBotX] [DEBUG(java.lang.Thread.run:855)] - 数据: {"ClassType":"GroupMessage","self_id":2417971099,"sub_type":"normal","message_id":-893078667,"group_id":860034825,"user_id":1196975574,"anonymous":null,"message":"啊啊啊","raw_message":"啊啊啊","font":0,"sender":{"user_id":1196975574,"nickname":"那特派恩","card":"那特派恩","sex":"unknown","age":0,"area":"unknown","level":"unknown","role":"member","title":"unknown"},"time":1674447085,"post_type":"message","message_type":"group"}
[23-01-23 12:09:55] [PicqBotX] [DEBUG(java.lang.Thread.run:855)] 收到新请求: CQHttp/4.15.0
[23-01-23 12:09:55] [PicqBotX] [DEBUG(java.lang.Thread.run:855)] - 数据: {"ClassType":"GroupMessage","self_id":2417971099,"sub_type":"normal","message_id":1318295897,"group_id":860034825,"user_id":1196975574,"anonymous":null,"message":"哦哦哦","raw_message":"哦哦哦","font":0,"sender":{"user_id":1196975574,"nickname":"那特派恩","card":"那特派恩","sex":"unknown","age":0,"area":"unknown","level":"unknown","role":"member","title":"unknown"},"time":1674447086,"post_type":"message","message_type":"group"}
[23-01-23 12:09:56] [PicqBotX] [DEBUG(java.lang.Thread.run:855)] 收到新请求: CQHttp/4.15.0
[23-01-23 12:09:56] [PicqBotX] [DEBUG(java.lang.Thread.run:855)] - 数据: {"ClassType":"GroupMessage","self_id":2417971099,"sub_type":"normal","message_id":1838168414,"group_id":860034825,"user_id":1196975574,"anonymous":null,"message":"嗯嗯嗯","raw_message":"嗯嗯嗯","font":0,"sender":{"user_id":1196975574,"nickname":"那特派恩","card":"那特派恩","sex":"unknown","age":0,"area":"unknown","level":"unknown","role":"member","title":"unknown"},"time":1674447088,"post_type":"message","message_type":"group"}
[23-01-23 12:10:00] [PicqBotX] [DEBUG(java.lang.Thread.run:855)] 收到新请求: CQHttp/4.15.0
[23-01-23 12:10:00] [PicqBotX] [DEBUG(java.lang.Thread.run:855)] - 数据: {"self_id":2417971099,"time":1674447091,"status":{"app_initialized":true,"app_enabled":true,"plugins_good":{"asyncActions":true,"backwardCompatibility":true,"defaultConfigGenerator":true,"eventDataPatcher":true,"eventFilter":true,"experimentalActions":true,"extensionLoader":true,"heartbeatGenerator":true,"http":true,"iniConfigLoader":true,"jsonConfigLoader":true,"loggers":true,"messageEnhancer":true,"postMessageFormatter":true,"rateLimitedActions":true,"restarter":true,"updater":true,"websocket":true,"websocketReverse":true,"workerPoolResizer":true},"app_good":true,"online":true,"good":true},"interval":40000,"post_type":"meta_event","meta_event_type":"heartbeat"}
[23-01-23 12:10:39] [PicqBotX] [DEBUG(java.lang.Thread.run:855)] 收到新请求: CQHttp/4.15.0
[23-01-23 12:10:39] [PicqBotX] [DEBUG(java.lang.Thread.run:855)] - 数据: {"ClassType":"GroupMessage","self_id":2417971099,"sub_type":"normal","message_id":1679766431,"group_id":860034825,"user_id":271811917,"anonymous":null,"message":"那这个开始记录和停止记录我怎么知道是不是生效了呢。。。。","raw_message":"那这个开始记录和停止记录我怎么知道是不是生效了呢。。。。","font":0,"sender":{"user_id":271811917,"nickname":"Sariel虫宝宝","card":"Sariel虫宝宝","sex":"unknown","age":0,"area":"unknown","level":"unknown","role":"owner","title":"unknown"},"time":1674447130,"post_type":"message","message_type":"group"}
[23-01-23 12:10:40] [PicqBotX] [DEBUG(java.lang.Thread.run:855)] 收到新请求: CQHttp/4.15.0
[23-01-23 12:10:40] [PicqBotX] [DEBUG(java.lang.Thread.run:855)] - 数据: {"self_id":2417971099,"time":1674447131,"status":{"app_initialized":true,"app_enabled":true,"plugins_good":{"asyncActions":true,"backwardCompatibility":true,"defaultConfigGenerator":true,"eventDataPatcher":true,"eventFilter":true,"experimentalActions":true,"extensionLoader":true,"heartbeatGenerator":true,"http":true,"iniConfigLoader":true,"jsonConfigLoader":true,"loggers":true,"messageEnhancer":true,"postMessageFormatter":true,"rateLimitedActions":true,"restarter":true,"updater":true,"websocket":true,"websocketReverse":true,"workerPoolResizer":true},"app_good":true,"online":true,"good":true},"interval":40000,"post_type":"meta_event","meta_event_type":"heartbeat"}
[23-01-23 12:10:48] [PicqBotX] [DEBUG(java.lang.Thread.run:855)] 收到新请求: CQHttp/4.15.0
[23-01-23 12:10:48] [PicqBotX] [DEBUG(java.lang.Thread.run:855)] - 数据: {"ClassType":"GroupMessage","self_id":2417971099,"sub_type":"normal","message_id":-1310292069,"group_id":860034825,"user_id":271811917,"anonymous":null,"message":"这个小号会给提示么","raw_message":"这个小号会给提示么","font":0,"sender":{"user_id":271811917,"nickname":"Sariel虫宝宝","card":"Sariel虫宝宝","sex":"unknown","age":0,"area":"unknown","level":"unknown","role":"owner","title":"unknown"},"time":1674447139,"post_type":"message","message_type":"group"}
[23-01-23 12:10:54] [PicqBotX] [DEBUG(java.lang.Thread.run:855)] 收到新请求: CQHttp/4.15.0
[23-01-23 12:10:54] [PicqBotX] [DEBUG(java.lang.Thread.run:855)] - 数据: {"ClassType":"GroupMessage","self_id":2417971099,"sub_type":"normal","message_id":-1008453635,"group_id":860034825,"user_id":1196975574,"anonymous":null,"message":"!记录 故意找茬","raw_message":"!记录 故意找茬","font":0,"sender":{"user_id":1196975574,"nickname":"那特派恩","card":"那特派恩","sex":"unknown","age":0,"area":"unknown","level":"unknown","role":"member","title":"unknown"},"time":1674447146,"post_type":"message","message_type":"group"}
[23-01-23 12:11:00] [PicqBotX] [DEBUG(java.lang.Thread.run:855)] 收到新请求: CQHttp/4.15.0
[23-01-23 12:11:00] [PicqBotX] [DEBUG(java.lang.Thread.run:855)] - 数据: {"ClassType":"GroupMessage","self_id":2417971099,"sub_type":"normal","message_id":1422960250,"group_id":860034825,"user_id":1196975574,"anonymous":null,"message":"诺","raw_message":"诺","font":0,"sender":{"user_id":1196975574,"nickname":"那特派恩","card":"那特派恩","sex":"unknown","age":0,"area":"unknown","level":"unknown","role":"member","title":"unknown"},"time":1674447151,"post_type":"message","message_type":"group"}
[23-01-23 12:11:20] [PicqBotX] [DEBUG(java.lang.Thread.run:855)] 收到新请求: CQHttp/4.15.0
[23-01-23 12:11:20] [PicqBotX] [DEBUG(java.lang.Thread.run:855)] - 数据: {"self_id":2417971099,"time":1674447171,"status":{"app_initialized":true,"app_enabled":true,"plugins_good":{"asyncActions":true,"backwardCompatibility":true,"defaultConfigGenerator":true,"eventDataPatcher":true,"eventFilter":true,"experimentalActions":true,"extensionLoader":true,"heartbeatGenerator":true,"http":true,"iniConfigLoader":true,"jsonConfigLoader":true,"loggers":true,"messageEnhancer":true,"postMessageFormatter":true,"rateLimitedActions":true,"restarter":true,"updater":true,"websocket":true,"websocketReverse":true,"workerPoolResizer":true},"app_good":true,"online":true,"good":true},"interval":40000,"post_type":"meta_event","meta_event_type":"heartbeat"}
